# JRE version: Java(TM) SE Runtime Environment (8.0_171-b11) (build 1.8.0_171-b11)
# Java VM: Java HotSpot(TM) 64-Bit Server VM (25.171-b11 mixed mode linux-amd64 compressed oops)
Heap:
 PSYoungGen      total 206336K, used 2837K [0x00000000e6100000, 0x00000000f5980000, 0x0000000100000000)
  eden space 193024K, 0% used [0x00000000e6100000,0x00000000e6100000,0x00000000f1d80000)
  from space 13312K, 21% used [0x00000000f1d80000,0x00000000f2045540,0x00000000f2a80000)
  to   space 9216K, 0% used [0x00000000f2a80000,0x00000000f2a80000,0x00000000f3380000)
 ParOldGen       total 40448K, used 29276K [0x00000000b2200000, 0x00000000b4980000, 0x00000000e6100000)
  object space 40448K, 72% used [0x00000000b2200000,0x00000000b3e97220,0x00000000b4980000)
 Metaspace       used 33698K, capacity 35314K, committed 35456K, reserved 1079296K
  class space    used 4564K, capacity 4880K, committed 4992K, reserved 1048576K
GC Heap History (10 events):
Event: 4.278 GC heap after
Heap after GC invocations=7 (full 0):
 PSYoungGen      total 88064K, used 5028K [0x00000000e6100000, 0x00000000f0e00000, 0x0000000100000000)
  eden space 81408K, 0% used [0x00000000e6100000,0x00000000e6100000,0x00000000eb080000)
  from space 6656K, 75% used [0x00000000eb080000,0x00000000eb5692e0,0x00000000eb700000)
  to   space 7168K, 0% used [0x00000000f0700000,0x00000000f0700000,0x00000000f0e00000)
 ParOldGen       total 53248K, used 6262K [0x00000000b2200000, 0x00000000b5600000, 0x00000000e6100000)
  object space 53248K, 11% used [0x00000000b2200000,0x00000000b281d950,0x00000000b5600000)
 Metaspace       used 20566K, capacity 21204K, committed 21296K, reserved 1067008K
  class space    used 2701K, capacity 2899K, committed 2944K, reserved 1048576K
}
Event: 4.278 GC heap before
{Heap before GC invocations=8 (full 1):
 PSYoungGen      total 88064K, used 5028K [0x00000000e6100000, 0x00000000f0e00000, 0x0000000100000000)
  eden space 81408K, 0% used [0x00000000e6100000,0x00000000e6100000,0x00000000eb080000)
  from space 6656K, 75% used [0x00000000eb080000,0x00000000eb5692e0,0x00000000eb700000)
  to   space 7168K, 0% used [0x00000000f0700000,0x00000000f0700000,0x00000000f0e00000)
 ParOldGen       total 53248K, used 6262K [0x00000000b2200000, 0x00000000b5600000, 0x00000000e6100000)
  object space 53248K, 11% used [0x00000000b2200000,0x00000000b281d950,0x00000000b5600000)
 Metaspace       used 20566K, capacity 21204K, committed 21296K, reserved 1067008K
  class space    used 2701K, capacity 2899K, committed 2944K, reserved 1048576K
Event: 4.337 GC heap after
Heap after GC invocations=8 (full 1):
 PSYoungGen      total 88064K, used 0K [0x00000000e6100000, 0x00000000f0e00000, 0x0000000100000000)
  eden space 81408K, 0% used [0x00000000e6100000,0x00000000e6100000,0x00000000eb080000)
  from space 6656K, 0% used [0x00000000eb080000,0x00000000eb080000,0x00000000eb700000)
  to   space 7168K, 0% used [0x00000000f0700000,0x00000000f0700000,0x00000000f0e00000)
 ParOldGen       total 40448K, used 8385K [0x00000000b2200000, 0x00000000b4980000, 0x00000000e6100000)
  object space 40448K, 20% used [0x00000000b2200000,0x00000000b2a30780,0x00000000b4980000)
 Metaspace       used 20566K, capacity 21204K, committed 21296K, reserved 1067008K
  class space    used 2701K, capacity 2899K, committed 2944K, reserved 1048576K
}
Event: 7.355 GC heap before
{Heap before GC invocations=9 (full 1):
 PSYoungGen      total 88064K, used 81408K [0x00000000e6100000, 0x00000000f0e00000, 0x0000000100000000)
  eden space 81408K, 100% used [0x00000000e6100000,0x00000000eb080000,0x00000000eb080000)
  from space 6656K, 0% used [0x00000000eb080000,0x00000000eb080000,0x00000000eb700000)
  to   space 7168K, 0% used [0x00000000f0700000,0x00000000f0700000,0x00000000f0e00000)
 ParOldGen       total 40448K, used 8385K [0x00000000b2200000, 0x00000000b4980000, 0x00000000e6100000)
  object space 40448K, 20% used [0x00000000b2200000,0x00000000b2a30780,0x00000000b4980000)
 Metaspace       used 24588K, capacity 25450K, committed 25600K, reserved 1071104K
  class space    used 3257K, capacity 3466K, committed 3584K, reserved 1048576K
Event: 7.637 GC heap after
Heap after GC invocations=9 (full 1):
 PSYoungGen      total 144896K, used 4968K [0x00000000e6100000, 0x00000000f0c00000, 0x0000000100000000)
  eden space 139776K, 0% used [0x00000000e6100000,0x00000000e6100000,0x00000000ee980000)
  from space 5120K, 97% used [0x00000000f0700000,0x00000000f0bda1a0,0x00000000f0c00000)
  to   space 7168K, 0% used [0x00000000efe00000,0x00000000efe00000,0x00000000f0500000)
 ParOldGen       total 40448K, used 8385K [0x00000000b2200000, 0x00000000b4980000, 0x00000000e6100000)
  object space 40448K, 20% used [0x00000000b2200000,0x00000000b2a30780,0x00000000b4980000)
 Metaspace       used 24588K, capacity 25450K, committed 25600K, reserved 1071104K
  class space    used 3257K, capacity 3466K, committed 3584K, reserved 1048576K
}
Event: 11.045 GC heap before
{Heap before GC invocations=10 (full 1):
 PSYoungGen      total 144896K, used 144744K [0x00000000e6100000, 0x00000000f0c00000, 0x0000000100000000)
  eden space 139776K, 100% used [0x00000000e6100000,0x00000000ee980000,0x00000000ee980000)
  from space 5120K, 97% used [0x00000000f0700000,0x00000000f0bda1a0,0x00000000f0c00000)
  to   space 7168K, 0% used [0x00000000efe00000,0x00000000efe00000,0x00000000f0500000)
 ParOldGen       total 40448K, used 8385K [0x00000000b2200000, 0x00000000b4980000, 0x00000000e6100000)
  object space 40448K, 20% used [0x00000000b2200000,0x00000000b2a30780,0x00000000b4980000)
 Metaspace       used 27485K, capacity 28426K, committed 28544K, reserved 1073152K
  class space    used 3723K, capacity 3952K, committed 3968K, reserved 1048576K
Event: 11.176 GC heap after
Heap after GC invocations=10 (full 1):
 PSYoungGen      total 167936K, used 7152K [0x00000000e6100000, 0x00000000f3380000, 0x0000000100000000)
  eden space 160768K, 0% used [0x00000000e6100000,0x00000000e6100000,0x00000000efe00000)
  from space 7168K, 99% used [0x00000000efe00000,0x00000000f04fc2e8,0x00000000f0500000)
  to   space 9216K, 0% used [0x00000000f2a80000,0x00000000f2a80000,0x00000000f3380000)
 ParOldGen       total 40448K, used 11959K [0x00000000b2200000, 0x00000000b4980000, 0x00000000e6100000)
  object space 40448K, 29% used [0x00000000b2200000,0x00000000b2daded8,0x00000000b4980000)
 Metaspace       used 27485K, capacity 28426K, committed 28544K, reserved 1073152K
  class space    used 3723K, capacity 3952K, committed 3968K, reserved 1048576K
}
Event: 20.075 GC heap before
{Heap before GC invocations=11 (full 1):
 PSYoungGen      total 167936K, used 167920K [0x00000000e6100000, 0x00000000f3380000, 0x0000000100000000)
  eden space 160768K, 100% used [0x00000000e6100000,0x00000000efe00000,0x00000000efe00000)
  from space 7168K, 99% used [0x00000000efe00000,0x00000000f04fc2e8,0x00000000f0500000)
  to   space 9216K, 0% used [0x00000000f2a80000,0x00000000f2a80000,0x00000000f3380000)
 ParOldGen       total 40448K, used 11959K [0x00000000b2200000, 0x00000000b4980000, 0x00000000e6100000)
  object space 40448K, 29% used [0x00000000b2200000,0x00000000b2daded8,0x00000000b4980000)
 Metaspace       used 32472K, capacity 33822K, committed 34176K, reserved 1079296K
  class space    used 4347K, capacity 4640K, committed 4736K, reserved 1048576K
Event: 20.464 GC heap after
Heap after GC invocations=11 (full 1):
 PSYoungGen      total 202240K, used 9185K [0x00000000e6100000, 0x00000000f5980000, 0x0000000100000000)
  eden space 193024K, 0% used [0x00000000e6100000,0x00000000e6100000,0x00000000f1d80000)
  from space 9216K, 99% used [0x00000000f2a80000,0x00000000f3378438,0x00000000f3380000)
  to   space 13312K, 0% used [0x00000000f1d80000,0x00000000f1d80000,0x00000000f2a80000)
 ParOldGen       total 40448K, used 20323K [0x00000000b2200000, 0x00000000b4980000, 0x00000000e6100000)
  object space 40448K, 50% used [0x00000000b2200000,0x00000000b35d8d78,0x00000000b4980000)
 Metaspace       used 32472K, capacity 33822K, committed 34176K, reserved 1079296K
  class space    used 4347K, capacity 4640K, committed 4736K, reserved 1048576K
}
Event: 79.840 GC heap before
{Heap before GC invocations=12 (full 1):
 PSYoungGen      total 202240K, used 74672K [0x00000000e6100000, 0x00000000f5980000, 0x0000000100000000)
  eden space 193024K, 33% used [0x00000000e6100000,0x00000000ea0f3d30,0x00000000f1d80000)
  from space 9216K, 99% used [0x00000000f2a80000,0x00000000f3378438,0x00000000f3380000)
  to   space 13312K, 0% used [0x00000000f1d80000,0x00000000f1d80000,0x00000000f2a80000)
 ParOldGen       total 40448K, used 20323K [0x00000000b2200000, 0x00000000b4980000, 0x00000000e6100000)
  object space 40448K, 50% used [0x00000000b2200000,0x00000000b35d8d78,0x00000000b4980000)
 Metaspace       used 33698K, capacity 35314K, committed 35456K, reserved 1079296K
  class space    used 4564K, capacity 4880K, committed 4992K, reserved 1048576K

