# JRE version: Java(TM) SE Runtime Environment (8.0_171-b11) (build 1.8.0_171-b11)
# Java VM: Java HotSpot(TM) 64-Bit Server VM (25.171-b11 mixed mode linux-amd64 compressed oops)
Heap:
 PSYoungGen      total 247808K, used 16370K [0x00000000e6100000, 0x00000000f6900000, 0x0000000100000000)
  eden space 231424K, 0% used [0x00000000e6100000,0x00000000e6100000,0x00000000f4300000)
  from space 16384K, 99% used [0x00000000f4300000,0x00000000f52fc8f0,0x00000000f5300000)
  to   space 17408K, 0% used [0x00000000f5300000,0x00000000f5300000,0x00000000f6400000)
 ParOldGen       total 71680K, used 24362K [0x00000000b2200000, 0x00000000b6800000, 0x00000000e6100000)
  object space 71680K, 33% used [0x00000000b2200000,0x00000000b39ca8d8,0x00000000b6800000)
 Metaspace       used 44068K, capacity 46266K, committed 46464K, reserved 1089536K
  class space    used 6024K, capacity 6439K, committed 6528K, reserved 1048576K
GC Heap History (10 events):
Event: 6.055 GC heap after
Heap after GC invocations=8 (full 1):
 PSYoungGen      total 169472K, used 8689K [0x00000000e6100000, 0x00000000f2480000, 0x0000000100000000)
  eden space 160768K, 0% used [0x00000000e6100000,0x00000000e6100000,0x00000000efe00000)
  from space 8704K, 99% used [0x00000000efe00000,0x00000000f067c638,0x00000000f0680000)
  to   space 10752K, 0% used [0x00000000f1a00000,0x00000000f1a00000,0x00000000f2480000)
 ParOldGen       total 46592K, used 12316K [0x00000000b2200000, 0x00000000b4f80000, 0x00000000e6100000)
  object space 46592K, 26% used [0x00000000b2200000,0x00000000b2e072c8,0x00000000b4f80000)
 Metaspace       used 27134K, capacity 28120K, committed 28288K, reserved 1073152K
  class space    used 3668K, capacity 3919K, committed 3968K, reserved 1048576K
}
Event: 15.412 GC heap before
{Heap before GC invocations=9 (full 1):
 PSYoungGen      total 169472K, used 169457K [0x00000000e6100000, 0x00000000f2480000, 0x0000000100000000)
  eden space 160768K, 100% used [0x00000000e6100000,0x00000000efe00000,0x00000000efe00000)
  from space 8704K, 99% used [0x00000000efe00000,0x00000000f067c638,0x00000000f0680000)
  to   space 10752K, 0% used [0x00000000f1a00000,0x00000000f1a00000,0x00000000f2480000)
 ParOldGen       total 46592K, used 12316K [0x00000000b2200000, 0x00000000b4f80000, 0x00000000e6100000)
  object space 46592K, 26% used [0x00000000b2200000,0x00000000b2e072c8,0x00000000b4f80000)
 Metaspace       used 32104K, capacity 33466K, committed 33792K, reserved 1079296K
  class space    used 4290K, capacity 4568K, committed 4608K, reserved 1048576K
Event: 15.974 GC heap after
Heap after GC invocations=9 (full 1):
 PSYoungGen      total 184832K, used 10751K [0x00000000e6100000, 0x00000000f7400000, 0x0000000100000000)
  eden space 174080K, 0% used [0x00000000e6100000,0x00000000e6100000,0x00000000f0b00000)
  from space 10752K, 99% used [0x00000000f1a00000,0x00000000f247fc48,0x00000000f2480000)
  to   space 15360K, 0% used [0x00000000f0b00000,0x00000000f0b00000,0x00000000f1a00000)
 ParOldGen       total 46592K, used 18593K [0x00000000b2200000, 0x00000000b4f80000, 0x00000000e6100000)
  object space 46592K, 39% used [0x00000000b2200000,0x00000000b3428540,0x00000000b4f80000)
 Metaspace       used 32104K, capacity 33466K, committed 33792K, reserved 1079296K
  class space    used 4290K, capacity 4568K, committed 4608K, reserved 1048576K
}
Event: 17.627 GC heap before
{Heap before GC invocations=10 (full 1):
 PSYoungGen      total 184832K, used 93703K [0x00000000e6100000, 0x00000000f7400000, 0x0000000100000000)
  eden space 174080K, 47% used [0x00000000e6100000,0x00000000eb202120,0x00000000f0b00000)
  from space 10752K, 99% used [0x00000000f1a00000,0x00000000f247fc48,0x00000000f2480000)
  to   space 15360K, 0% used [0x00000000f0b00000,0x00000000f0b00000,0x00000000f1a00000)
 ParOldGen       total 46592K, used 18593K [0x00000000b2200000, 0x00000000b4f80000, 0x00000000e6100000)
  object space 46592K, 39% used [0x00000000b2200000,0x00000000b3428540,0x00000000b4f80000)
 Metaspace       used 33697K, capacity 35302K, committed 35456K, reserved 1079296K
  class space    used 4554K, capacity 4880K, committed 4992K, reserved 1048576K
Event: 17.659 GC heap after
Heap after GC invocations=10 (full 1):
 PSYoungGen      total 189440K, used 13944K [0x00000000e6100000, 0x00000000f6400000, 0x0000000100000000)
  eden space 174080K, 0% used [0x00000000e6100000,0x00000000e6100000,0x00000000f0b00000)
  from space 15360K, 90% used [0x00000000f0b00000,0x00000000f189e1a8,0x00000000f1a00000)
  to   space 17408K, 0% used [0x00000000f5300000,0x00000000f5300000,0x00000000f6400000)
 ParOldGen       total 46592K, used 18593K [0x00000000b2200000, 0x00000000b4f80000, 0x00000000e6100000)
  object space 46592K, 39% used [0x00000000b2200000,0x00000000b3428540,0x00000000b4f80000)
 Metaspace       used 33697K, capacity 35302K, committed 35456K, reserved 1079296K
  class space    used 4554K, capacity 4880K, committed 4992K, reserved 1048576K
}
Event: 17.659 GC heap before
{Heap before GC invocations=11 (full 2):
 PSYoungGen      total 189440K, used 13944K [0x00000000e6100000, 0x00000000f6400000, 0x0000000100000000)
  eden space 174080K, 0% used [0x00000000e6100000,0x00000000e6100000,0x00000000f0b00000)
  from space 15360K, 90% used [0x00000000f0b00000,0x00000000f189e1a8,0x00000000f1a00000)
  to   space 17408K, 0% used [0x00000000f5300000,0x00000000f5300000,0x00000000f6400000)
 ParOldGen       total 46592K, used 18593K [0x00000000b2200000, 0x00000000b4f80000, 0x00000000e6100000)
  object space 46592K, 39% used [0x00000000b2200000,0x00000000b3428540,0x00000000b4f80000)
 Metaspace       used 33697K, capacity 35302K, committed 35456K, reserved 1079296K
  class space    used 4554K, capacity 4880K, committed 4992K, reserved 1048576K
Event: 17.759 GC heap after
Heap after GC invocations=11 (full 2):
 PSYoungGen      total 189440K, used 0K [0x00000000e6100000, 0x00000000f6400000, 0x0000000100000000)
  eden space 174080K, 0% used [0x00000000e6100000,0x00000000e6100000,0x00000000f0b00000)
  from space 15360K, 0% used [0x00000000f0b00000,0x00000000f0b00000,0x00000000f1a00000)
  to   space 17408K, 0% used [0x00000000f5300000,0x00000000f5300000,0x00000000f6400000)
 ParOldGen       total 71680K, used 22109K [0x00000000b2200000, 0x00000000b6800000, 0x00000000e6100000)
  object space 71680K, 30% used [0x00000000b2200000,0x00000000b37974f0,0x00000000b6800000)
 Metaspace       used 33697K, capacity 35302K, committed 35456K, reserved 1079296K
  class space    used 4554K, capacity 4880K, committed 4992K, reserved 1048576K
}
Event: 19.106 GC heap before
{Heap before GC invocations=12 (full 2):
 PSYoungGen      total 189440K, used 174080K [0x00000000e6100000, 0x00000000f6400000, 0x0000000100000000)
  eden space 174080K, 100% used [0x00000000e6100000,0x00000000f0b00000,0x00000000f0b00000)
  from space 15360K, 0% used [0x00000000f0b00000,0x00000000f0b00000,0x00000000f1a00000)
  to   space 17408K, 0% used [0x00000000f5300000,0x00000000f5300000,0x00000000f6400000)
 ParOldGen       total 71680K, used 22109K [0x00000000b2200000, 0x00000000b6800000, 0x00000000e6100000)
  object space 71680K, 30% used [0x00000000b2200000,0x00000000b37974f0,0x00000000b6800000)
 Metaspace       used 36378K, capacity 38212K, committed 38400K, reserved 1083392K
  class space    used 4925K, capacity 5293K, committed 5376K, reserved 1048576K
Event: 19.128 GC heap after
Heap after GC invocations=12 (full 2):
 PSYoungGen      total 248832K, used 7419K [0x00000000e6100000, 0x00000000f6900000, 0x0000000100000000)
  eden space 231424K, 0% used [0x00000000e6100000,0x00000000e6100000,0x00000000f4300000)
  from space 17408K, 42% used [0x00000000f5300000,0x00000000f5a3ed30,0x00000000f6400000)
  to   space 16384K, 0% used [0x00000000f4300000,0x00000000f4300000,0x00000000f5300000)
 ParOldGen       total 71680K, used 22117K [0x00000000b2200000, 0x00000000b6800000, 0x00000000e6100000)
  object space 71680K, 30% used [0x00000000b2200000,0x00000000b37994f0,0x00000000b6800000)
 Metaspace       used 36378K, capacity 38212K, committed 38400K, reserved 1083392K
  class space    used 4925K, capacity 5293K, committed 5376K, reserved 1048576K
}
Event: 24.449 GC heap before
{Heap before GC invocations=13 (full 2):
 PSYoungGen      total 248832K, used 238843K [0x00000000e6100000, 0x00000000f6900000, 0x0000000100000000)
  eden space 231424K, 100% used [0x00000000e6100000,0x00000000f4300000,0x00000000f4300000)
  from space 17408K, 42% used [0x00000000f5300000,0x00000000f5a3ed30,0x00000000f6400000)
  to   space 16384K, 0% used [0x00000000f4300000,0x00000000f4300000,0x00000000f5300000)
 ParOldGen       total 71680K, used 22117K [0x00000000b2200000, 0x00000000b6800000, 0x00000000e6100000)
  object space 71680K, 30% used [0x00000000b2200000,0x00000000b37994f0,0x00000000b6800000)
 Metaspace       used 44068K, capacity 46266K, committed 46464K, reserved 1089536K
  class space    used 6024K, capacity 6439K, committed 6528K, reserved 1048576K

